version https://git-lfs.github.com/spec/v1
oid sha256:4b0480de2bb2016d2d83fc9ffd656e89205be6d2b221a20961093dd757a5a871
size 289
